<?xml version="1.0" encoding="UTF-8"?>
<testsuite xmlns:xsi="http://www.w3.org/2001/XMLSchema-instance" xsi:noNamespaceSchemaLocation="https://maven.apache.org/surefire/maven-surefire-plugin/xsd/surefire-test-report.xsd" name="com.example.demo.QueryServiceTest" time="3.619" tests="4" errors="0" skipped="0" failures="0">
  <properties>
[...]
</properties>
  <testcase name="TestOrderBy" classname="com.example.demo.QueryServiceTest" time="1.397"/>
  <testcase name="TestGroup" classname="com.example.demo.QueryServiceTest" time="1.435"/>
  <testcase name="TestQuery" classname="com.example.demo.QueryServiceTest" time="0.729"/>
  <testcase name="TestWhere" classname="com.example.demo.QueryServiceTest" time="0.01"/>
</testsuite>